#
# There is insufficient memory for the Java Runtime Environment to continue.
# Native memory allocation (mmap) failed to map 68157440 bytes for Failed to commit area from 0x00000000a9400000 to 0x00000000ad500000 of length 68157440.
# Possible reasons:
#   The system is out of physical RAM or swap space
#   The process is running with CompressedOops enabled, and the Java Heap may be blocking the growth of the native heap
# Possible solutions:
#   Reduce memory load on the system
#   Increase physical memory or swap space
#   Check if swap backing store is full
#   Decrease Java heap size (-Xmx/-Xms)
#   Decrease number of Java threads
#   Decrease Java thread stack sizes (-Xss)
#   Set larger code cache with -XX:ReservedCodeCacheSize=
#   JVM is running with Unscaled Compressed Oops mode in which the Java heap is
#     placed in the first 4GB address space. The Java Heap base address is the
#     maximum limit for the native heap growth. Please use -XX:HeapBaseMinAddress
#     to set the Java Heap base and to place the Java Heap above 4GB virtual address.
# This output file may be truncated or incomplete.
#
#  Out of Memory Error (t:/workspace/open/src/hotspot/os/windows/os_windows.cpp:3301), pid=13936, tid=17872
#
# JRE version: Java(TM) SE Runtime Environment (13.0.2+8) (build 13.0.2+8)
# Java VM: Java HotSpot(TM) 64-Bit Server VM (13.0.2+8, mixed mode, sharing, tiered, compressed oops, g1 gc, windows-amd64)
# No core dump will be written. Minidumps are not enabled by default on client versions of Windows
#

---------------  S U M M A R Y ------------

Command Line: --add-opens=java.base/java.util=ALL-UNNAMED --add-opens=java.base/java.lang=ALL-UNNAMED --add-opens=java.base/java.lang.invoke=ALL-UNNAMED --add-opens=java.prefs/java.util.prefs=ALL-UNNAMED -Xmx1536m -Dfile.encoding=windows-1252 -Duser.country=GB -Duser.language=en -Duser.variant org.gradle.launcher.daemon.bootstrap.GradleDaemon 5.4.1

Host: AMD Ryzen 7 1700 Eight-Core Processor          , 16 cores, 15G,  Windows 10 , 64 bit Build 18362 (10.0.18362.778)
Time: Thu Apr 30 15:08:33 2020 GMT Summer Time elapsed time: 2754 seconds (0d 0h 45m 54s)

---------------  T H R E A D  ---------------

Current thread (0x000001b43d656800):  VMThread "VM Thread" [stack: 0x00000018bfe00000,0x00000018bff00000] [id=17872]

Stack: [0x00000018bfe00000,0x00000018bff00000]
[error occurred during error reporting (printing stack bounds), id 0xc0000005, EXCEPTION_ACCESS_VIOLATION (0xc0000005) at pc=0x000001b4274110ad]

Native frames: (J=compiled Java code, j=interpreted, Vv=VM code, C=native code)
V  [jvm.dll+0x624f9a]
V  [jvm.dll+0x770cfa]
V  [jvm.dll+0x7724af]
V  [jvm.dll+0x772a15]
V  [jvm.dll+0x7729cb]
V  [jvm.dll+0x6244df]
C  [ntdll.dll+0x785b6]
C  [ntdll.dll+0x6a056]
C  [ntdll.dll+0x9fe3e]
C  0x000001b4274110ad

VM_Operation (0x00000018bfaff7a0): G1Concurrent, mode: safepoint, requested by thread 0x000001b41ef5e000


---------------  P R O C E S S  ---------------

Threads class SMR info:
_java_thread_list=0x000001b444f9ce00, length=73, elements={
0x000001b41ef12000, 0x000001b43d65b000, 0x000001b43d65d800, 0x000001b43d679000,
0x000001b43d67b000, 0x000001b43d67c000, 0x000001b43d681000, 0x000001b43d68d800,
0x000001b43e071800, 0x000001b43e143000, 0x000001b43eb5e000, 0x000001b43f716800,
0x000001b43f53a000, 0x000001b43f6c2800, 0x000001b43f6c2000, 0x000001b43f6c1000,
0x000001b44433b800, 0x000001b445b40000, 0x000001b444344800, 0x000001b442116000,
0x000001b440537800, 0x000001b442118000, 0x000001b442118800, 0x000001b44211a800,
0x000001b442117000, 0x000001b442119800, 0x000001b44211b000, 0x000001b442115800,
0x000001b442121000, 0x000001b44211d800, 0x000001b44211e800, 0x000001b442120000,
0x000001b44211f000, 0x000001b442121800, 0x000001b442122800, 0x000001b44211d000,
0x000001b442123800, 0x000001b442124000, 0x000001b44052e800, 0x000001b44052b000,
0x000001b440530000, 0x000001b44052a800, 0x000001b440531000, 0x000001b440531800,
0x000001b44052c000, 0x000001b44052d800, 0x000001b44052d000, 0x000001b440534000,
0x000001b440532800, 0x000001b440533800, 0x000001b440535000, 0x000001b44052f800,
0x000001b440536800, 0x000001b440536000, 0x000001b440539000, 0x000001b440538000,
0x000001b448cb7000, 0x000001b448cb6000, 0x000001b448cba000, 0x000001b448cbb000,
0x000001b448cb5800, 0x000001b448cb7800, 0x000001b448cbe000, 0x000001b448cb8800,
0x000001b448cbf000, 0x000001b448cbd800, 0x000001b448cbc000, 0x000001b448cc0000,
0x000001b448cc0800, 0x000001b448cc1800, 0x000001b448cbc800, 0x000001b448cc2800,
0x000001b448cc3000
}

Java Threads: ( => current thread )
  0x000001b41ef12000 JavaThread "main" [_thread_blocked, id=13556, stack(0x00000018bf800000,0x00000018bf900000)]
  0x000001b43d65b000 JavaThread "Reference Handler" daemon [_thread_blocked, id=1500, stack(0x00000018bff00000,0x00000018c0000000)]
  0x000001b43d65d800 JavaThread "Finalizer" daemon [_thread_blocked, id=15240, stack(0x00000018c0000000,0x00000018c0100000)]
  0x000001b43d679000 JavaThread "Signal Dispatcher" daemon [_thread_blocked, id=19088, stack(0x00000018c0100000,0x00000018c0200000)]
  0x000001b43d67b000 JavaThread "Attach Listener" daemon [_thread_blocked, id=14944, stack(0x00000018c0200000,0x00000018c0300000)]
  0x000001b43d67c000 JavaThread "C2 CompilerThread0" daemon [_thread_blocked, id=8580, stack(0x00000018c0300000,0x00000018c0400000)]
  0x000001b43d681000 JavaThread "C1 CompilerThread0" daemon [_thread_blocked, id=4168, stack(0x00000018c0400000,0x00000018c0500000)]
  0x000001b43d68d800 JavaThread "Sweeper thread" daemon [_thread_blocked, id=12704, stack(0x00000018c0500000,0x00000018c0600000)]
  0x000001b43e071800 JavaThread "Common-Cleaner" daemon [_thread_blocked, id=1100, stack(0x00000018c0800000,0x00000018c0900000)]
  0x000001b43e143000 JavaThread "Service Thread" daemon [_thread_blocked, id=20196, stack(0x00000018c0900000,0x00000018c0a00000)]
  0x000001b43eb5e000 JavaThread "Daemon health stats" [_thread_blocked, id=7768, stack(0x00000018c1300000,0x00000018c1400000)]
  0x000001b43f716800 JavaThread "Incoming local TCP Connector on port 52802" [_thread_in_native, id=10172, stack(0x00000018c1200000,0x00000018c1300000)]
  0x000001b43f53a000 JavaThread "Daemon periodic checks" [_thread_blocked, id=8216, stack(0x00000018c1400000,0x00000018c1500000)]
  0x000001b43f6c2800 JavaThread "Cache worker for file hash cache (C:\Users\Abdul\.gradle\caches\5.4.1\fileHashes)" [_thread_blocked, id=2504, stack(0x00000018c1c00000,0x00000018c1d00000)]
  0x000001b43f6c2000 JavaThread "File lock request listener" [_thread_in_native, id=13644, stack(0x00000018c1d00000,0x00000018c1e00000)]
  0x000001b43f6c1000 JavaThread "Cache worker for journal cache (C:\Users\Abdul\.gradle\caches\journal-1)" [_thread_blocked, id=6236, stack(0x00000018c1e00000,0x00000018c1f00000)]
  0x000001b44433b800 JavaThread "Cache worker for execution history cache (C:\Users\Abdul\.gradle\caches\5.4.1\executionHistory)" [_thread_blocked, id=17692, stack(0x00000018c2e00000,0x00000018c2f00000)]
  0x000001b445b40000 JavaThread "Memory manager" [_thread_blocked, id=9112, stack(0x00000018c3f00000,0x00000018c4000000)]
  0x000001b444344800 JavaThread "Cache worker for file content cache (C:\Users\Abdul\.gradle\caches\5.4.1\fileContent)" [_thread_blocked, id=7748, stack(0x00000018c3d00000,0x00000018c3e00000)]
  0x000001b442116000 JavaThread "ForkJoinPool.commonPool-worker-19" daemon [_thread_blocked, id=2752, stack(0x00000018c4000000,0x00000018c4100000)]
  0x000001b440537800 JavaThread "Cache worker for Java compile cache (C:\Users\Abdul\.gradle\caches\5.4.1\javaCompile)" [_thread_blocked, id=760, stack(0x00000018c6e00000,0x00000018c6f00000)]
  0x000001b442118000 JavaThread "Daemon Thread 5" [_thread_blocked, id=12648, stack(0x00000018bf500000,0x00000018bf600000)]
  0x000001b442118800 JavaThread "Handler for socket connection from /127.0.0.1:52802 to /127.0.0.1:53067" [_thread_in_native, id=14984, stack(0x00000018bf600000,0x00000018bf700000)]
  0x000001b44211a800 JavaThread "Cancel handler" [_thread_blocked, id=2336, stack(0x00000018bf700000,0x00000018bf800000)]
  0x000001b442117000 JavaThread "Daemon worker Thread 5" [_thread_blocked, id=16152, stack(0x00000018c0600000,0x00000018c0700000)]
  0x000001b442119800 JavaThread "Asynchronous log dispatcher for DefaultDaemonConnection: socket connection from /127.0.0.1:52802 to /127.0.0.1:53067" [_thread_blocked, id=19472, stack(0x00000018c0700000,0x00000018c0800000)]
  0x000001b44211b000 JavaThread "Stdin handler" [_thread_blocked, id=7056, stack(0x00000018c0b00000,0x00000018c0c00000)]
  0x000001b442115800 JavaThread "Thread-258" [_thread_in_native, id=16376, stack(0x00000018c1100000,0x00000018c1200000)]
  0x000001b442121000 JavaThread "Cache worker for file hash cache (C:\Users\Abdul\IdeaProjects\Calculator\.gradle\5.4.1\fileHashes)" [_thread_blocked, id=10232, stack(0x00000018c1500000,0x00000018c1600000)]
  0x000001b44211d800 JavaThread "Cache worker for cache directory md-supplier (C:\Users\Abdul\.gradle\caches\5.4.1\md-supplier)" [_thread_blocked, id=4268, stack(0x00000018c1600000,0x00000018c1700000)]
  0x000001b44211e800 JavaThread "Cache worker for cache directory md-rule (C:\Users\Abdul\.gradle\caches\5.4.1\md-rule)" [_thread_blocked, id=19560, stack(0x00000018c1700000,0x00000018c1800000)]
  0x000001b442120000 JavaThread "Build operations" [_thread_blocked, id=14908, stack(0x00000018c1800000,0x00000018c1900000)]
  0x000001b44211f000 JavaThread "Build operations Thread 2" [_thread_blocked, id=7920, stack(0x00000018c1900000,0x00000018c1a00000)]
  0x000001b442121800 JavaThread "Build operations Thread 3" [_thread_blocked, id=8132, stack(0x00000018c1a00000,0x00000018c1b00000)]
  0x000001b442122800 JavaThread "Build operations Thread 4" [_thread_blocked, id=12360, stack(0x00000018c1b00000,0x00000018c1c00000)]
  0x000001b44211d000 JavaThread "Build operations Thread 5" [_thread_blocked, id=8060, stack(0x00000018c1f00000,0x00000018c2000000)]
  0x000001b442123800 JavaThread "Build operations Thread 6" [_thread_blocked, id=7232, stack(0x00000018c2000000,0x00000018c2100000)]
  0x000001b442124000 JavaThread "Build operations Thread 7" [_thread_blocked, id=11588, stack(0x00000018c2a00000,0x00000018c2b00000)]
  0x000001b44052e800 JavaThread "Build operations Thread 8" [_thread_blocked, id=19360, stack(0x00000018c2b00000,0x00000018c2c00000)]
  0x000001b44052b000 JavaThread "Build operations Thread 9" [_thread_blocked, id=3804, stack(0x00000018c2c00000,0x00000018c2d00000)]
  0x000001b440530000 JavaThread "Build operations Thread 10" [_thread_blocked, id=8552, stack(0x00000018c2d00000,0x00000018c2e00000)]
  0x000001b44052a800 JavaThread "Build operations Thread 11" [_thread_blocked, id=18540, stack(0x00000018c2f00000,0x00000018c3000000)]
  0x000001b440531000 JavaThread "Build operations Thread 12" [_thread_blocked, id=11552, stack(0x00000018c3000000,0x00000018c3100000)]
  0x000001b440531800 JavaThread "Build operations Thread 13" [_thread_blocked, id=15808, stack(0x00000018c3100000,0x00000018c3200000)]
  0x000001b44052c000 JavaThread "Build operations Thread 14" [_thread_blocked, id=15652, stack(0x00000018c3200000,0x00000018c3300000)]
  0x000001b44052d800 JavaThread "Build operations Thread 15" [_thread_blocked, id=1812, stack(0x00000018c3300000,0x00000018c3400000)]
  0x000001b44052d000 JavaThread "Build operations Thread 16" [_thread_blocked, id=19548, stack(0x00000018c3400000,0x00000018c3500000)]
  0x000001b440534000 JavaThread "C2 CompilerThread1" daemon [_thread_blocked, id=12484, stack(0x00000018c3500000,0x00000018c3600000)]
  0x000001b440532800 JavaThread "Cache worker for Build Output Cleanup Cache (C:\Users\Abdul\IdeaProjects\Calculator\.gradle\buildOutputCleanup)" [_thread_blocked, id=15208, stack(0x00000018c3600000,0x00000018c3700000)]
  0x000001b440533800 JavaThread "C1 CompilerThread1" daemon [_thread_blocked, id=5792, stack(0x00000018c3700000,0x00000018c3800000)]
  0x000001b440535000 JavaThread "C2 CompilerThread2" daemon [_thread_blocked, id=2172, stack(0x00000018c3800000,0x00000018c3900000)]
  0x000001b44052f800 JavaThread "Cache worker for file content cache (C:\Users\Abdul\IdeaProjects\Calculator\.gradle\5.4.1\fileContent)" [_thread_blocked, id=7588, stack(0x00000018c3900000,0x00000018c3a00000)]
  0x000001b440536800 JavaThread "C2 CompilerThread3" daemon [_thread_blocked, id=5096, stack(0x00000018c3a00000,0x00000018c3b00000)]
  0x000001b440536000 JavaThread "Execution worker for ':'" [_thread_blocked, id=17124, stack(0x00000018c3b00000,0x00000018c3c00000)]
  0x000001b440539000 JavaThread "Execution worker for ':' Thread 2" [_thread_blocked, id=12164, stack(0x00000018c3c00000,0x00000018c3d00000)]
  0x000001b440538000 JavaThread "Execution worker for ':' Thread 3" [_thread_blocked, id=8976, stack(0x00000018c3e00000,0x00000018c3f00000)]
  0x000001b448cb7000 JavaThread "Execution worker for ':' Thread 4" [_thread_blocked, id=7496, stack(0x00000018c4100000,0x00000018c4200000)]
  0x000001b448cb6000 JavaThread "Execution worker for ':' Thread 5" [_thread_blocked, id=5412, stack(0x00000018c4200000,0x00000018c4300000)]
  0x000001b448cba000 JavaThread "Execution worker for ':' Thread 6" [_thread_blocked, id=9956, stack(0x00000018c4300000,0x00000018c4400000)]
  0x000001b448cbb000 JavaThread "Execution worker for ':' Thread 7" [_thread_blocked, id=5316, stack(0x00000018c4400000,0x00000018c4500000)]
  0x000001b448cb5800 JavaThread "Execution worker for ':' Thread 8" [_thread_blocked, id=16804, stack(0x00000018c4500000,0x00000018c4600000)]
  0x000001b448cb7800 JavaThread "Execution worker for ':' Thread 9" [_thread_blocked, id=1920, stack(0x00000018c4600000,0x00000018c4700000)]
  0x000001b448cbe000 JavaThread "Execution worker for ':' Thread 10" [_thread_blocked, id=14676, stack(0x00000018c4700000,0x00000018c4800000)]
  0x000001b448cb8800 JavaThread "Execution worker for ':' Thread 11" [_thread_blocked, id=16204, stack(0x00000018c4800000,0x00000018c4900000)]
  0x000001b448cbf000 JavaThread "Execution worker for ':' Thread 12" [_thread_blocked, id=19280, stack(0x00000018c4900000,0x00000018c4a00000)]
  0x000001b448cbd800 JavaThread "Execution worker for ':' Thread 13" [_thread_blocked, id=11260, stack(0x00000018c4a00000,0x00000018c4b00000)]
  0x000001b448cbc000 JavaThread "Execution worker for ':' Thread 14" [_thread_blocked, id=11572, stack(0x00000018c4b00000,0x00000018c4c00000)]
  0x000001b448cc0000 JavaThread "Execution worker for ':' Thread 15" [_thread_blocked, id=2228, stack(0x00000018c4c00000,0x00000018c4d00000)]
  0x000001b448cc0800 JavaThread "Cache worker for execution history cache (C:\Users\Abdul\IdeaProjects\Calculator\.gradle\5.4.1\executionHistory)" [_thread_blocked, id=19872, stack(0x00000018c4d00000,0x00000018c4e00000)]
  0x000001b448cc1800 JavaThread "WorkerExecutor Queue" [_thread_blocked, id=19944, stack(0x00000018c4e00000,0x00000018c4f00000)]
  0x000001b448cbc800 JavaThread "pool-14-thread-1" [_thread_blocked, id=16336, stack(0x00000018c4f00000,0x00000018c5000000)]
  0x000001b448cc2800 JavaThread "stderr" [_thread_in_native, id=10160, stack(0x00000018c5000000,0x00000018c5100000)]
  0x000001b448cc3000 JavaThread "stdout" [_thread_blocked, id=11304, stack(0x00000018c5100000,0x00000018c5200000)]

Other Threads:
=>0x000001b43d656800 VMThread "VM Thread" [stack: 0x00000018bfe00000,0x00000018bff00000] [id=17872]
  0x000001b43e144000 WatcherThread [stack: 0x00000018c0a00000,0x00000018c0b00000] [id=14672]
  0x000001b41ef50800 GCTaskThread "GC Thread#0" [stack: 0x00000018bf900000,0x00000018bfa00000] [id=16288]
  0x000001b43ebe6000 GCTaskThread "GC Thread#1" [stack: 0x00000018c0c00000,0x00000018c0d00000] [id=14412]
  0x000001b43ebe7800 GCTaskThread "GC Thread#2" [stack: 0x00000018c0d00000,0x00000018c0e00000] [id=7292]
  0x000001b43ebe8000 GCTaskThread "GC Thread#3" [stack: 0x00000018c0e00000,0x00000018c0f00000] [id=2788]
  0x000001b43ebe5800 GCTaskThread "GC Thread#4" [stack: 0x00000018c0f00000,0x00000018c1000000] [id=6112]
  0x000001b43ebe7000 GCTaskThread "GC Thread#5" [stack: 0x00000018c1000000,0x00000018c1100000] [id=792]
  0x000001b43ebe3800 GCTaskThread "GC Thread#6" [stack: 0x00000018c2100000,0x00000018c2200000] [id=17616]
  0x000001b43ebe2000 GCTaskThread "GC Thread#7" [stack: 0x00000018c2200000,0x00000018c2300000] [id=9952]
  0x000001b43ebe5000 GCTaskThread "GC Thread#8" [stack: 0x00000018c2300000,0x00000018c2400000] [id=15004]
  0x000001b43ebe9000 GCTaskThread "GC Thread#9" [stack: 0x00000018c2400000,0x00000018c2500000] [id=6036]
  0x000001b43ebe2800 GCTaskThread "GC Thread#10" [stack: 0x00000018c2500000,0x00000018c2600000] [id=13736]
  0x000001b44050b000 GCTaskThread "GC Thread#11" [stack: 0x00000018c2600000,0x00000018c2700000] [id=16848]
  0x000001b44050c800 GCTaskThread "GC Thread#12" [stack: 0x00000018c2700000,0x00000018c2800000] [id=13192]
  0x000001b41ef5e000 ConcurrentGCThread "G1 Main Marker" [stack: 0x00000018bfa00000,0x00000018bfb00000] [id=13464]
  0x000001b41ef5f800 ConcurrentGCThread "G1 Conc#0" [stack: 0x00000018bfb00000,0x00000018bfc00000] [id=10504]
  0x000001b44050a800 ConcurrentGCThread "G1 Conc#1" [stack: 0x00000018c2800000,0x00000018c2900000] [id=12676]
  0x000001b44050f000 ConcurrentGCThread "G1 Conc#2" [stack: 0x00000018c2900000,0x00000018c2a00000] [id=19468]
  0x000001b43d54d000 ConcurrentGCThread "G1 Refine#0" [stack: 0x00000018bfc00000,0x00000018bfd00000] [id=2200]
  0x000001b43d54f000 ConcurrentGCThread "G1 Young RemSet Sampling" [stack: 0x00000018bfd00000,0x00000018bfe00000] [id=6636]

Threads with active compile tasks:
C2 CompilerThread1  2754275 18475       4       com.android.utils.XmlUtils::append (639 bytes)
C2 CompilerThread3  2754275 18478       4       org.gradle.internal.fingerprint.impl.AbstractFileSystemLocationFingerprint::equals (63 bytes)

VM state:at safepoint (normal execution)

VM Mutex/Monitor currently owned by a thread:  ([mutex/lock_event])
[0x000001b41ef0ed30] Threads_lock - owner thread: 0x000001b43d656800
[0x000001b41ef0dbc0] Heap_lock - owner thread: 0x000001b41ef5e000

Heap address: 0x00000000a0000000, size: 1536 MB, Compressed Oops mode: 32-bit
Narrow klass base: 0x0000000800000000, Narrow klass shift: 3
Compressed class space size: 1073741824 Address: 0x0000000800b40000

Heap:
 garbage-first heap   total 219136K, used 129750K [0x00000000a0000000, 0x0000000100000000)
  region size 1024K, 5 young (5120K), 2 survivors (2048K)
 Metaspace       used 90948K, capacity 93351K, committed 95644K, reserved 1132544K
  class space    used 11526K, capacity 12272K, committed 13056K, reserved 1048576K
Heap Regions: E=young(eden), S=young(survivor), O=old, HS=humongous(starts), HC=humongous(continues), CS=collection set, F=free, A=archive, TAMS=top-at-mark-start (previous, next)
|   0|0x00000000a0000000, 0x00000000a0100000, 0x00000000a0100000|100%| O|  |TAMS 0x00000000a0100000, 0x00000000a0000000| Updating 
|   1|0x00000000a0100000, 0x00000000a0200000, 0x00000000a0200000|100%| O|  |TAMS 0x00000000a0200000, 0x00000000a0100000| Updating 
|   2|0x00000000a0200000, 0x00000000a0300000, 0x00000000a0300000|100%|HS|  |TAMS 0x00000000a0300000, 0x00000000a0200000| Complete 
|   3|0x00000000a0300000, 0x00000000a0400000, 0x00000000a0400000|100%|HS|  |TAMS 0x00000000a0400000, 0x00000000a0300000| Complete 
|   4|0x00000000a0400000, 0x00000000a0500000, 0x00000000a0500000|100%|HC|  |TAMS 0x00000000a0500000, 0x00000000a0400000| Complete 
|   5|0x00000000a0500000, 0x00000000a0600000, 0x00000000a0600000|100%| O|  |TAMS 0x00000000a0600000, 0x00000000a0500000| Updating 
|   6|0x00000000a0600000, 0x00000000a0700000, 0x00000000a0700000|100%| O|  |TAMS 0x00000000a0700000, 0x00000000a0600000| Updating 
|   7|0x00000000a0700000, 0x00000000a0800000, 0x00000000a0800000|100%| O|  |TAMS 0x00000000a0800000, 0x00000000a0700000| Updating 
|   8|0x00000000a0800000, 0x00000000a0800000, 0x00000000a0900000|  0%| F|  |TAMS 0x00000000a0800000, 0x00000000a0800000| Untracked 
|   9|0x00000000a0900000, 0x00000000a0a00000, 0x00000000a0a00000|100%| O|  |TAMS 0x00000000a0a00000, 0x00000000a0900000| Updating 
|  10|0x00000000a0a00000, 0x00000000a0b00000, 0x00000000a0b00000|100%| O|  |TAMS 0x00000000a0b00000, 0x00000000a0a00000| Updating 
|  11|0x00000000a0b00000, 0x00000000a0c00000, 0x00000000a0c00000|100%| O|  |TAMS 0x00000000a0c00000, 0x00000000a0b00000| Updating 
|  12|0x00000000a0c00000, 0x00000000a0d00000, 0x00000000a0d00000|100%| O|  |TAMS 0x00000000a0d00000, 0x00000000a0c00000| Updating 
|  13|0x00000000a0d00000, 0x00000000a0e00000, 0x00000000a0e00000|100%| O|  |TAMS 0x00000000a0e00000, 0x00000000a0d00000| Updating 
|  14|0x00000000a0e00000, 0x00000000a0f00000, 0x00000000a0f00000|100%| O|  |TAMS 0x00000000a0f00000, 0x00000000a0e00000| Updating 
|  15|0x00000000a0f00000, 0x00000000a1000000, 0x00000000a1000000|100%| O|  |TAMS 0x00000000a1000000, 0x00000000a0f00000| Updating 
|  16|0x00000000a1000000, 0x00000000a1100000, 0x00000000a1100000|100%| O|  |TAMS 0x00000000a1100000, 0x00000000a1000000| Updating 
|  17|0x00000000a1100000, 0x00000000a1200000, 0x00000000a1200000|100%| O|  |TAMS 0x00000000a1200000, 0x00000000a1100000| Updating 
|  18|0x00000000a1200000, 0x00000000a1300000, 0x00000000a1300000|100%| O|  |TAMS 0x00000000a1300000, 0x00000000a1200000| Updating 
|  19|0x00000000a1300000, 0x00000000a1400000, 0x00000000a1400000|100%| O|  |TAMS 0x00000000a1400000, 0x00000000a1300000| Updating 
|  20|0x00000000a1400000, 0x00000000a1500000, 0x00000000a1500000|100%| O|  |TAMS 0x00000000a1500000, 0x00000000a1400000| Updating 
|  21|0x00000000a1500000, 0x00000000a1600000, 0x00000000a1600000|100%|HS|  |TAMS 0x00000000a1600000, 0x00000000a1500000| Complete 
|  22|0x00000000a1600000, 0x00000000a1700000, 0x00000000a1700000|100%|HC|  |TAMS 0x00000000a1700000, 0x00000000a1600000| Complete 
|  23|0x00000000a1700000, 0x00000000a1800000, 0x00000000a1800000|100%| O|  |TAMS 0x00000000a1800000, 0x00000000a1700000| Updating 
|  24|0x00000000a1800000, 0x00000000a1900000, 0x00000000a1900000|100%| O|  |TAMS 0x00000000a1900000, 0x00000000a1800000| Updating 
|  25|0x00000000a1900000, 0x00000000a1a00000, 0x00000000a1a00000|100%| O|  |TAMS 0x00000000a1a00000, 0x00000000a1900000| Updating 
|  26|0x00000000a1a00000, 0x00000000a1b00000, 0x00000000a1b00000|100%| O|  |TAMS 0x00000000a1b00000, 0x00000000a1a00000| Updating 
|  27|0x00000000a1b00000, 0x00000000a1c00000, 0x00000000a1c00000|100%| O|  |TAMS 0x00000000a1c00000, 0x00000000a1b00000| Updating 
|  28|0x00000000a1c00000, 0x00000000a1d00000, 0x00000000a1d00000|100%| O|  |TAMS 0x00000000a1d00000, 0x00000000a1c00000| Updating 
|  29|0x00000000a1d00000, 0x00000000a1e00000, 0x00000000a1e00000|100%| O|  |TAMS 0x00000000a1e00000, 0x00000000a1d00000| Updating 
|  30|0x00000000a1e00000, 0x00000000a1f00000, 0x00000000a1f00000|100%| O|  |TAMS 0x00000000a1f00000, 0x00000000a1e00000| Updating 
|  31|0x00000000a1f00000, 0x00000000a2000000, 0x00000000a2000000|100%| O|  |TAMS 0x00000000a2000000, 0x00000000a1f00000| Updating 
|  32|0x00000000a2000000, 0x00000000a2100000, 0x00000000a2100000|100%| O|  |TAMS 0x00000000a2100000, 0x00000000a2000000| Updating 
|  33|0x00000000a2100000, 0x00000000a2200000, 0x00000000a2200000|100%| O|  |TAMS 0x00000000a2200000, 0x00000000a2100000| Updating 
|  34|0x00000000a2200000, 0x00000000a2300000, 0x00000000a2300000|100%| O|  |TAMS 0x00000000a2300000, 0x00000000a2200000| Updating 
|  35|0x00000000a2300000, 0x00000000a2400000, 0x00000000a2400000|100%| O|  |TAMS 0x00000000a2400000, 0x00000000a2300000| Updating 
|  36|0x00000000a2400000, 0x00000000a2500000, 0x00000000a2500000|100%| O|  |TAMS 0x00000000a2500000, 0x00000000a2400000| Updating 
|  37|0x00000000a2500000, 0x00000000a2600000, 0x00000000a2600000|100%| O|  |TAMS 0x00000000a2600000, 0x00000000a2500000| Updating 
|  38|0x00000000a2600000, 0x00000000a2700000, 0x00000000a2700000|100%| O|  |TAMS 0x00000000a2700000, 0x00000000a2600000| Updating 
|  39|0x00000000a2700000, 0x00000000a2800000, 0x00000000a2800000|100%| O|  |TAMS 0x00000000a2800000, 0x00000000a2700000| Updating 
|  40|0x00000000a2800000, 0x00000000a2900000, 0x00000000a2900000|100%| O|  |TAMS 0x00000000a2900000, 0x00000000a2800000| Updating 
|  41|0x00000000a2900000, 0x00000000a2a00000, 0x00000000a2a00000|100%| O|  |TAMS 0x00000000a2a00000, 0x00000000a2900000| Updating 
|  42|0x00000000a2a00000, 0x00000000a2b00000, 0x00000000a2b00000|100%| O|  |TAMS 0x00000000a2b00000, 0x00000000a2a00000| Updating 
|  43|0x00000000a2b00000, 0x00000000a2c00000, 0x00000000a2c00000|100%| O|  |TAMS 0x00000000a2c00000, 0x00000000a2b00000| Updating 
|  44|0x00000000a2c00000, 0x00000000a2d00000, 0x00000000a2d00000|100%| O|  |TAMS 0x00000000a2d00000, 0x00000000a2c00000| Updating 
|  45|0x00000000a2d00000, 0x00000000a2e00000, 0x00000000a2e00000|100%|HS|  |TAMS 0x00000000a2e00000, 0x00000000a2d00000| Complete 
|  46|0x00000000a2e00000, 0x00000000a2f00000, 0x00000000a2f00000|100%|HC|  |TAMS 0x00000000a2f00000, 0x00000000a2e00000| Complete 
|  47|0x00000000a2f00000, 0x00000000a3000000, 0x00000000a3000000|100%|HS|  |TAMS 0x00000000a3000000, 0x00000000a2f00000| Complete 
|  48|0x00000000a3000000, 0x00000000a3100000, 0x00000000a3100000|100%|HC|  |TAMS 0x00000000a3100000, 0x00000000a3000000| Complete 
|  49|0x00000000a3100000, 0x00000000a3200000, 0x00000000a3200000|100%|HC|  |TAMS 0x00000000a3200000, 0x00000000a3100000| Complete 
|  50|0x00000000a3200000, 0x00000000a3300000, 0x00000000a3300000|100%|HS|  |TAMS 0x00000000a3300000, 0x00000000a3200000| Complete 
|  51|0x00000000a3300000, 0x00000000a3400000, 0x00000000a3400000|100%|HC|  |TAMS 0x00000000a3400000, 0x00000000a3300000| Complete 
|  52|0x00000000a3400000, 0x00000000a3500000, 0x00000000a3500000|100%| O|  |TAMS 0x00000000a3500000, 0x00000000a3400000| Updating 
|  53|0x00000000a3500000, 0x00000000a3600000, 0x00000000a3600000|100%| O|  |TAMS 0x00000000a3600000, 0x00000000a3500000| Updating 
|  54|0x00000000a3600000, 0x00000000a3700000, 0x00000000a3700000|100%| O|  |TAMS 0x00000000a3700000, 0x00000000a3600000| Updating 
|  55|0x00000000a3700000, 0x00000000a3800000, 0x00000000a3800000|100%| O|  |TAMS 0x00000000a3800000, 0x00000000a3700000| Updating 
|  56|0x00000000a3800000, 0x00000000a3900000, 0x00000000a3900000|100%| O|  |TAMS 0x00000000a3900000, 0x00000000a3800000| Updating 
|  57|0x00000000a3900000, 0x00000000a3a00000, 0x00000000a3a00000|100%| O|  |TAMS 0x00000000a3a00000, 0x00000000a3900000| Updating 
|  58|0x00000000a3a00000, 0x00000000a3b00000, 0x00000000a3b00000|100%| O|  |TAMS 0x00000000a3b00000, 0x00000000a3a00000| Updating 
|  59|0x00000000a3b00000, 0x00000000a3c00000, 0x00000000a3c00000|100%| O|  |TAMS 0x00000000a3c00000, 0x00000000a3b00000| Updating 
|  60|0x00000000a3c00000, 0x00000000a3d00000, 0x00000000a3d00000|100%| O|  |TAMS 0x00000000a3d00000, 0x00000000a3c00000| Updating 
|  61|0x00000000a3d00000, 0x00000000a3e00000, 0x00000000a3e00000|100%| O|  |TAMS 0x00000000a3e00000, 0x00000000a3d00000| Updating 
|  62|0x00000000a3e00000, 0x00000000a3e00000, 0x00000000a3f00000|  0%| F|  |TAMS 0x00000000a3e00000, 0x00000000a3e00000| Untracked 
|  63|0x00000000a3f00000, 0x00000000a4000000, 0x00000000a4000000|100%| O|  |TAMS 0x00000000a4000000, 0x00000000a3f00000| Updating 
|  64|0x00000000a4000000, 0x00000000a4100000, 0x00000000a4100000|100%|HS|  |TAMS 0x00000000a4100000, 0x00000000a4000000| Complete 
|  65|0x00000000a4100000, 0x00000000a4200000, 0x00000000a4200000|100%|HC|  |TAMS 0x00000000a4200000, 0x00000000a4100000| Complete 
|  66|0x00000000a4200000, 0x00000000a4300000, 0x00000000a4300000|100%| O|  |TAMS 0x00000000a4300000, 0x00000000a4200000| Updating 
|  67|0x00000000a4300000, 0x00000000a4400000, 0x00000000a4400000|100%| O|  |TAMS 0x00000000a4400000, 0x00000000a4300000| Updating 
|  68|0x00000000a4400000, 0x00000000a4500000, 0x00000000a4500000|100%| O|  |TAMS 0x00000000a4500000, 0x00000000a4400000| Updating 
|  69|0x00000000a4500000, 0x00000000a4600000, 0x00000000a4600000|100%| O|  |TAMS 0x00000000a4600000, 0x00000000a4500000| Updating 
|  70|0x00000000a4600000, 0x00000000a4700000, 0x00000000a4700000|100%| O|  |TAMS 0x00000000a4700000, 0x00000000a4600000| Updating 
|  71|0x00000000a4700000, 0x00000000a4800000, 0x00000000a4800000|100%| O|  |TAMS 0x00000000a4800000, 0x00000000a4700000| Updating 
|  72|0x00000000a4800000, 0x00000000a4900000, 0x00000000a4900000|100%| O|  |TAMS 0x00000000a4900000, 0x00000000a4800000| Updating 
|  73|0x00000000a4900000, 0x00000000a4a00000, 0x00000000a4a00000|100%| O|  |TAMS 0x00000000a4a00000, 0x00000000a4900000| Updating 
|  74|0x00000000a4a00000, 0x00000000a4b00000, 0x00000000a4b00000|100%| O|  |TAMS 0x00000000a4b00000, 0x00000000a4a00000| Updating 
|  75|0x00000000a4b00000, 0x00000000a4c00000, 0x00000000a4c00000|100%| O|  |TAMS 0x00000000a4c00000, 0x00000000a4b00000| Updating 
|  76|0x00000000a4c00000, 0x00000000a4d00000, 0x00000000a4d00000|100%| O|  |TAMS 0x00000000a4d00000, 0x00000000a4c00000| Updating 
|  77|0x00000000a4d00000, 0x00000000a4e00000, 0x00000000a4e00000|100%| O|  |TAMS 0x00000000a4e00000, 0x00000000a4d00000| Updating 
|  78|0x00000000a4e00000, 0x00000000a4f00000, 0x00000000a4f00000|100%| O|  |TAMS 0x00000000a4f00000, 0x00000000a4e00000| Updating 
|  79|0x00000000a4f00000, 0x00000000a5000000, 0x00000000a5000000|100%| O|  |TAMS 0x00000000a5000000, 0x00000000a4f00000| Updating 
|  80|0x00000000a5000000, 0x00000000a5100000, 0x00000000a5100000|100%| O|  |TAMS 0x00000000a5100000, 0x00000000a5000000| Updating 
|  81|0x00000000a5100000, 0x00000000a5200000, 0x00000000a5200000|100%| O|  |TAMS 0x00000000a5200000, 0x00000000a5100000| Updating 
|  82|0x00000000a5200000, 0x00000000a5300000, 0x00000000a5300000|100%| O|  |TAMS 0x00000000a5300000, 0x00000000a5200000| Updating 
|  83|0x00000000a5300000, 0x00000000a5400000, 0x00000000a5400000|100%| O|  |TAMS 0x00000000a5400000, 0x00000000a5300000| Updating 
|  84|0x00000000a5400000, 0x00000000a5500000, 0x00000000a5500000|100%| O|  |TAMS 0x00000000a5500000, 0x00000000a5400000| Updating 
|  85|0x00000000a5500000, 0x00000000a5600000, 0x00000000a5600000|100%| O|  |TAMS 0x00000000a5600000, 0x00000000a5500000| Updating 
|  86|0x00000000a5600000, 0x00000000a5700000, 0x00000000a5700000|100%| O|  |TAMS 0x00000000a5700000, 0x00000000a5600000| Updating 
|  87|0x00000000a5700000, 0x00000000a5800000, 0x00000000a5800000|100%| O|  |TAMS 0x00000000a5800000, 0x00000000a5700000| Updating 
|  88|0x00000000a5800000, 0x00000000a5900000, 0x00000000a5900000|100%| O|  |TAMS 0x00000000a5900000, 0x00000000a5800000| Updating 
|  89|0x00000000a5900000, 0x00000000a5a00000, 0x00000000a5a00000|100%| O|  |TAMS 0x00000000a5a00000, 0x00000000a5900000| Updating 
|  90|0x00000000a5a00000, 0x00000000a5b00000, 0x00000000a5b00000|100%| O|  |TAMS 0x00000000a5b00000, 0x00000000a5a00000| Updating 
|  91|0x00000000a5b00000, 0x00000000a5c00000, 0x00000000a5c00000|100%| O|  |TAMS 0x00000000a5c00000, 0x00000000a5b00000| Updating 
|  92|0x00000000a5c00000, 0x00000000a5d00000, 0x00000000a5d00000|100%| O|  |TAMS 0x00000000a5d00000, 0x00000000a5c00000| Updating 
|  93|0x00000000a5d00000, 0x00000000a5e00000, 0x00000000a5e00000|100%| O|  |TAMS 0x00000000a5e00000, 0x00000000a5d00000| Updating 
|  94|0x00000000a5e00000, 0x00000000a5f00000, 0x00000000a5f00000|100%| O|  |TAMS 0x00000000a5f00000, 0x00000000a5e00000| Updating 
|  95|0x00000000a5f00000, 0x00000000a6000000, 0x00000000a6000000|100%| O|  |TAMS 0x00000000a6000000, 0x00000000a5f00000| Updating 
|  96|0x00000000a6000000, 0x00000000a6100000, 0x00000000a6100000|100%| O|  |TAMS 0x00000000a6100000, 0x00000000a6000000| Updating 
|  97|0x00000000a6100000, 0x00000000a6200000, 0x00000000a6200000|100%| O|  |TAMS 0x00000000a6200000, 0x00000000a6100000| Updating 
|  98|0x00000000a6200000, 0x00000000a6300000, 0x00000000a6300000|100%| O|  |TAMS 0x00000000a6300000, 0x00000000a6200000| Updating 
|  99|0x00000000a6300000, 0x00000000a6400000, 0x00000000a6400000|100%| O|  |TAMS 0x00000000a6400000, 0x00000000a6300000| Updating 
| 100|0x00000000a6400000, 0x00000000a6400000, 0x00000000a6500000|  0%| F|  |TAMS 0x00000000a6400000, 0x00000000a6400000| Untracked 
| 101|0x00000000a6500000, 0x00000000a6500000, 0x00000000a6600000|  0%| F|  |TAMS 0x00000000a6500000, 0x00000000a6500000| Untracked 
| 102|0x00000000a6600000, 0x00000000a6700000, 0x00000000a6700000|100%| O|  |TAMS 0x00000000a6700000, 0x00000000a6600000| Updating 
| 103|0x00000000a6700000, 0x00000000a6800000, 0x00000000a6800000|100%| O|  |TAMS 0x00000000a6800000, 0x00000000a6700000| Updating 
| 104|0x00000000a6800000, 0x00000000a6900000, 0x00000000a6900000|100%| O|  |TAMS 0x00000000a6900000, 0x00000000a6800000| Updating 
| 105|0x00000000a6900000, 0x00000000a6a00000, 0x00000000a6a00000|100%| O|  |TAMS 0x00000000a6a00000, 0x00000000a6900000| Updating 
| 106|0x00000000a6a00000, 0x00000000a6b00000, 0x00000000a6b00000|100%| O|  |TAMS 0x00000000a6b00000, 0x00000000a6a00000| Updating 
| 107|0x00000000a6b00000, 0x00000000a6c00000, 0x00000000a6c00000|100%| O|  |TAMS 0x00000000a6c00000, 0x00000000a6b00000| Updating 
| 108|0x00000000a6c00000, 0x00000000a6d00000, 0x00000000a6d00000|100%|HS|  |TAMS 0x00000000a6d00000, 0x00000000a6c00000| Complete 
| 109|0x00000000a6d00000, 0x00000000a6e00000, 0x00000000a6e00000|100%| O|  |TAMS 0x00000000a6e00000, 0x00000000a6d00000| Updating 
| 110|0x00000000a6e00000, 0x00000000a6f00000, 0x00000000a6f00000|100%| O|  |TAMS 0x00000000a6f00000, 0x00000000a6e00000| Updating 
| 111|0x00000000a6f00000, 0x00000000a7000000, 0x00000000a7000000|100%| O|  |TAMS 0x00000000a7000000, 0x00000000a6f00000| Updating 
| 112|0x00000000a7000000, 0x00000000a7100000, 0x00000000a7100000|100%| O|  |TAMS 0x00000000a7100000, 0x00000000a7000000| Updating 
| 113|0x00000000a7100000, 0x00000000a7200000, 0x00000000a7200000|100%| O|  |TAMS 0x00000000a7200000, 0x00000000a7100000| Updating 
| 114|0x00000000a7200000, 0x00000000a7300000, 0x00000000a7300000|100%| O|  |TAMS 0x00000000a7300000, 0x00000000a7200000| Updating 
| 115|0x00000000a7300000, 0x00000000a7400000, 0x00000000a7400000|100%| O|  |TAMS 0x00000000a7400000, 0x00000000a7300000| Updating 
| 116|0x00000000a7400000, 0x00000000a7500000, 0x00000000a7500000|100%| O|  |TAMS 0x00000000a7500000, 0x00000000a7400000| Updating 
| 117|0x00000000a7500000, 0x00000000a7600000, 0x00000000a7600000|100%| O|  |TAMS 0x00000000a755fa00, 0x00000000a7500000| Updating 
| 118|0x00000000a7600000, 0x00000000a7700000, 0x00000000a7700000|100%| O|  |TAMS 0x00000000a7600000, 0x00000000a7600000| Untracked 
| 119|0x00000000a7700000, 0x00000000a77b5a00, 0x00000000a7800000| 70%| O|  |TAMS 0x00000000a7700000, 0x00000000a7700000| Updating 
| 120|0x00000000a7800000, 0x00000000a7900000, 0x00000000a7900000|100%|HS|  |TAMS 0x00000000a7800000, 0x00000000a7800000| Complete 
| 121|0x00000000a7900000, 0x00000000a7a00000, 0x00000000a7a00000|100%|HC|  |TAMS 0x00000000a7900000, 0x00000000a7900000| Complete 
| 122|0x00000000a7a00000, 0x00000000a7b00000, 0x00000000a7b00000|100%|HS|  |TAMS 0x00000000a7a00000, 0x00000000a7a00000| Complete 
| 123|0x00000000a7b00000, 0x00000000a7c00000, 0x00000000a7c00000|100%|HS|  |TAMS 0x00000000a7b00000, 0x00000000a7b00000| Complete 
| 124|0x00000000a7c00000, 0x00000000a7d00000, 0x00000000a7d00000|100%|HC|  |TAMS 0x00000000a7c00000, 0x00000000a7c00000| Complete 
| 125|0x00000000a7d00000, 0x00000000a7e00000, 0x00000000a7e00000|100%|HS|  |TAMS 0x00000000a7d00000, 0x00000000a7d00000| Complete 
| 126|0x00000000a7e00000, 0x00000000a7f00000, 0x00000000a7f00000|100%|HC|  |TAMS 0x00000000a7e00000, 0x00000000a7e00000| Complete 
| 127|0x00000000a7f00000, 0x00000000a7f00000, 0x00000000a8000000|  0%| F|  |TAMS 0x00000000a7f00000, 0x00000000a7f00000| Untracked 
| 128|0x00000000a8000000, 0x00000000a8000000, 0x00000000a8100000|  0%| F|  |TAMS 0x00000000a8000000, 0x00000000a8000000| Untracked 
| 129|0x00000000a8100000, 0x00000000a8100000, 0x00000000a8200000|  0%| F|  |TAMS 0x00000000a8100000, 0x00000000a8100000| Untracked 
| 130|0x00000000a8200000, 0x00000000a8200000, 0x00000000a8300000|  0%| F|  |TAMS 0x00000000a8200000, 0x00000000a8200000| Untracked 
| 131|0x00000000a8300000, 0x00000000a8300000, 0x00000000a8400000|  0%| F|  |TAMS 0x00000000a8300000, 0x00000000a8300000| Untracked 
| 132|0x00000000a8400000, 0x00000000a8400000, 0x00000000a8500000|  0%| F|  |TAMS 0x00000000a8400000, 0x00000000a8400000| Untracked 
| 133|0x00000000a8500000, 0x00000000a8500000, 0x00000000a8600000|  0%| F|  |TAMS 0x00000000a8500000, 0x00000000a8500000| Untracked 
| 134|0x00000000a8600000, 0x00000000a8600000, 0x00000000a8700000|  0%| F|  |TAMS 0x00000000a8600000, 0x00000000a8600000| Untracked 
| 135|0x00000000a8700000, 0x00000000a8700000, 0x00000000a8800000|  0%| F|  |TAMS 0x00000000a8700000, 0x00000000a8700000| Untracked 
| 136|0x00000000a8800000, 0x00000000a8800000, 0x00000000a8900000|  0%| F|  |TAMS 0x00000000a8800000, 0x00000000a8800000| Untracked 
| 137|0x00000000a8900000, 0x00000000a8900000, 0x00000000a8a00000|  0%| F|  |TAMS 0x00000000a8900000, 0x00000000a8900000| Untracked 
| 138|0x00000000a8a00000, 0x00000000a8a00000, 0x00000000a8b00000|  0%| F|  |TAMS 0x00000000a8a00000, 0x00000000a8a00000| Untracked 
| 139|0x00000000a8b00000, 0x00000000a8b00000, 0x00000000a8c00000|  0%| F|  |TAMS 0x00000000a8b00000, 0x00000000a8b00000| Untracked 
| 140|0x00000000a8c00000, 0x00000000a8d00000, 0x00000000a8d00000|100%| S|CS|TAMS 0x00000000a8c00000, 0x00000000a8c00000| Complete 
| 141|0x00000000a8d00000, 0x00000000a8e00000, 0x00000000a8e00000|100%| S|CS|TAMS 0x00000000a8d00000, 0x00000000a8d00000| Complete 
| 142|0x00000000a8e00000, 0x00000000a8e00000, 0x00000000a8f00000|  0%| F|  |TAMS 0x00000000a8e00000, 0x00000000a8e00000| Untracked 
| 143|0x00000000a8f00000, 0x00000000a8f00000, 0x00000000a9000000|  0%| F|  |TAMS 0x00000000a8f00000, 0x00000000a8f00000| Untracked 
| 144|0x00000000a9000000, 0x00000000a9000000, 0x00000000a9100000|  0%| F|  |TAMS 0x00000000a9000000, 0x00000000a9000000| Untracked 
| 145|0x00000000a9100000, 0x00000000a9100000, 0x00000000a9200000|  0%| F|  |TAMS 0x00000000a9100000, 0x00000000a9100000| Untracked 
| 146|0x00000000a9200000, 0x00000000a9284a58, 0x00000000a9300000| 51%| E|  |TAMS 0x00000000a9200000, 0x00000000a9200000| Complete 
| 147|0x00000000a9300000, 0x00000000a9400000, 0x00000000a9400000|100%| E|CS|TAMS 0x00000000a9300000, 0x00000000a9300000| Complete 
| 255|0x00000000aff00000, 0x00000000b0000000, 0x00000000b0000000|100%| E|CS|TAMS 0x00000000aff00000, 0x00000000aff00000| Complete 

Card table byte_map: [0x000001b4370b0000,0x000001b4373b0000] _byte_map_base: 0x000001b436bb0000

Marking Bits (Prev, Next): (CMBitMap*) 0x000001b41ef51058, (CMBitMap*) 0x000001b41ef51098
 Prev Bits: [0x000001b4376b0000, 0x000001b438eb0000)
 Next Bits: [0x000001b438eb0000, 0x000001b43a6b0000)

Polling page: 0x000001b41ce70000

Metaspace:

Usage:
  Non-class:     79.18 MB capacity,    77.56 MB ( 98%) used,     1.38 MB (  2%) free+waste,   246.06 KB ( <1%) overhead. 
      Class:     11.98 MB capacity,    11.26 MB ( 94%) used,   636.59 KB (  5%) free+waste,   108.44 KB ( <1%) overhead. 
       Both:     91.16 MB capacity,    88.82 MB ( 97%) used,     2.00 MB (  2%) free+waste,   354.50 KB ( <1%) overhead. 

Virtual space:
  Non-class space:       82.00 MB reserved,      80.65 MB ( 98%) committed 
      Class space:        1.00 GB reserved,      12.75 MB (  1%) committed 
             Both:        1.08 GB reserved,      93.40 MB (  8%) committed 

Chunk freelists:
   Non-Class:  1.35 MB
       Class:  767.00 KB
        Both:  2.10 MB

MaxMetaspaceSize: 17179869184.00 GB
CompressedClassSpaceSize: 1.00 GB

CodeHeap 'non-profiled nmethods': size=119168Kb used=12266Kb max_used=12266Kb free=106901Kb
 bounds [0x000001b42efb0000, 0x000001b42fbb0000, 0x000001b436410000]
CodeHeap 'profiled nmethods': size=119104Kb used=31509Kb max_used=33032Kb free=87594Kb
 bounds [0x000001b427b60000, 0x000001b429bc0000, 0x000001b42efb0000]
CodeHeap 'non-nmethods': size=7488Kb used=2993Kb max_used=4211Kb free=4494Kb
 bounds [0x000001b427410000, 0x000001b427830000, 0x000001b427b60000]
 total_blobs=26126 nmethods=14852 adapters=834
 compilation: enabled
              stopped_count=0, restarted_count=0
 full_count=0

Compilation events (20 events):
Event: 2754.152 Thread 0x000001b440534000 nmethod 18474 0x000001b42f583d10 code [0x000001b42f583ea0, 0x000001b42f584198]
Event: 2754.152 Thread 0x000001b440534000 18468       4       java.security.MessageDigest::digest (12 bytes)
Event: 2754.153 Thread 0x000001b440536800 nmethod 18473 0x000001b42f583610 code [0x000001b42f5837a0, 0x000001b42f583af8]
Event: 2754.153 Thread 0x000001b440536800 18464       4       java.util.Locale::hashCode (41 bytes)
Event: 2754.153 Thread 0x000001b440534000 nmethod 18468 0x000001b42fa86f90 code [0x000001b42fa87120, 0x000001b42fa871e8]
Event: 2754.153 Thread 0x000001b440536800 nmethod 18464 0x000001b42fa86c10 code [0x000001b42fa86da0, 0x000001b42fa86e88]
Event: 2754.155 Thread 0x000001b440535000 nmethod 18461 0x000001b42fa82710 code [0x000001b42fa82b00, 0x000001b42fa852f8]
Event: 2754.155 Thread 0x000001b440534000 18475       4       com.android.utils.XmlUtils::append (639 bytes)
Event: 2754.179 Thread 0x000001b43d67c000 nmethod 18453 0x000001b42fba4d90 code [0x000001b42fba5080, 0x000001b42fba8dc8]
Event: 2754.210 Thread 0x000001b440536800 18476       4       org.gradle.api.internal.artifacts.transform.TransformationNode::getTransformedSubject (39 bytes)
Event: 2754.211 Thread 0x000001b440536800 nmethod 18476 0x000001b42fa82410 code [0x000001b42fa825a0, 0x000001b42fa82638]
Event: 2754.213 Thread 0x000001b440536800 18477       4       org.gradle.internal.component.external.model.DefaultModuleComponentArtifactIdentifier::getComponentIdentifier (5 bytes)
Event: 2754.213 Thread 0x000001b440536800 nmethod 18477 0x000001b42fa82090 code [0x000001b42fa82220, 0x000001b42fa82298]
Event: 2754.220 Thread 0x000001b440536800 18478       4       org.gradle.internal.fingerprint.impl.AbstractFileSystemLocationFingerprint::equals (63 bytes)
Event: 2754.223 Thread 0x000001b43d681000 18479       1       org.gradle.internal.execution.steps.ResolveChangesStep$1::getWork (5 bytes)
Event: 2754.223 Thread 0x000001b43d681000 nmethod 18479 0x000001b42fbaa710 code [0x000001b42fbaa8a0, 0x000001b42fbaa9d8]
Event: 2754.223 Thread 0x000001b43d681000 18480       3       com.sun.jmx.mbeanserver.Util::newList (8 bytes)
Event: 2754.224 Thread 0x000001b43d681000 nmethod 18480 0x000001b42899d390 code [0x000001b42899d560, 0x000001b42899d8f8]
Event: 2754.225 Thread 0x000001b43d681000 18481       3       org.gradle.internal.execution.history.impl.SerializableFileCollectionFingerprint::<init> (15 bytes)
Event: 2754.226 Thread 0x000001b43d681000 nmethod 18481 0x000001b42942de10 code [0x000001b42942dfc0, 0x000001b42942e258]

GC Heap History (20 events):
Event: 2600.295 GC heap before
{Heap before GC invocations=67 (full 0):
 garbage-first heap   total 152576K, used 126556K [0x00000000a0000000, 0x0000000100000000)
  region size 1024K, 29 young (29696K), 4 survivors (4096K)
 Metaspace       used 91898K, capacity 95044K, committed 95132K, reserved 1132544K
  class space    used 11940K, capacity 12997K, committed 13056K, reserved 1048576K
}
Event: 2600.302 GC heap after
{Heap after GC invocations=68 (full 0):
 garbage-first heap   total 152576K, used 103070K [0x00000000a0000000, 0x0000000100000000)
  region size 1024K, 2 young (2048K), 2 survivors (2048K)
 Metaspace       used 91898K, capacity 95044K, committed 95132K, reserved 1132544K
  class space    used 11940K, capacity 12997K, committed 13056K, reserved 1048576K
}
Event: 2600.511 GC heap before
{Heap before GC invocations=68 (full 0):
 garbage-first heap   total 152576K, used 127646K [0x00000000a0000000, 0x0000000100000000)
  region size 1024K, 26 young (26624K), 2 survivors (2048K)
 Metaspace       used 91915K, capacity 95111K, committed 95388K, reserved 1132544K
  class space    used 11940K, capacity 12998K, committed 13056K, reserved 1048576K
}
Event: 2600.518 GC heap after
{Heap after GC invocations=69 (full 0):
 garbage-first heap   total 152576K, used 109065K [0x00000000a0000000, 0x0000000100000000)
  region size 1024K, 4 young (4096K), 4 survivors (4096K)
 Metaspace       used 91915K, capacity 95111K, committed 95388K, reserved 1132544K
  class space    used 11940K, capacity 12998K, committed 13056K, reserved 1048576K
}
Event: 2601.528 GC heap before
{Heap before GC invocations=69 (full 0):
 garbage-first heap   total 152576K, used 134665K [0x00000000a0000000, 0x0000000100000000)
  region size 1024K, 22 young (22528K), 4 survivors (4096K)
 Metaspace       used 91950K, capacity 95196K, committed 95388K, reserved 1132544K
  class space    used 11942K, capacity 13002K, committed 13056K, reserved 1048576K
}
Event: 2601.532 GC heap after
{Heap after GC invocations=70 (full 0):
 garbage-first heap   total 152576K, used 110635K [0x00000000a0000000, 0x0000000100000000)
  region size 1024K, 2 young (2048K), 2 survivors (2048K)
 Metaspace       used 91950K, capacity 95196K, committed 95388K, reserved 1132544K
  class space    used 11942K, capacity 13002K, committed 13056K, reserved 1048576K
}
Event: 2601.807 GC heap before
{Heap before GC invocations=70 (full 0):
 garbage-first heap   total 152576K, used 129067K [0x00000000a0000000, 0x0000000100000000)
  region size 1024K, 19 young (19456K), 2 survivors (2048K)
 Metaspace       used 92000K, capacity 95210K, committed 95388K, reserved 1132544K
  class space    used 11943K, capacity 13004K, committed 13056K, reserved 1048576K
}
Event: 2601.809 GC heap after
{Heap after GC invocations=71 (full 0):
 garbage-first heap   total 152576K, used 110580K [0x00000000a0000000, 0x0000000100000000)
  region size 1024K, 1 young (1024K), 1 survivors (1024K)
 Metaspace       used 92000K, capacity 95210K, committed 95388K, reserved 1132544K
  class space    used 11943K, capacity 13004K, committed 13056K, reserved 1048576K
}
Event: 2753.742 GC heap before
{Heap before GC invocations=71 (full 0):
 garbage-first heap   total 152576K, used 126964K [0x00000000a0000000, 0x0000000100000000)
  region size 1024K, 18 young (18432K), 1 survivors (1024K)
 Metaspace       used 92169K, capacity 95365K, committed 95388K, reserved 1132544K
  class space    used 11962K, capacity 13038K, committed 13056K, reserved 1048576K
}
Event: 2753.744 GC heap after
{Heap after GC invocations=72 (full 0):
 garbage-first heap   total 152576K, used 111837K [0x00000000a0000000, 0x0000000100000000)
  region size 1024K, 2 young (2048K), 2 survivors (2048K)
 Metaspace       used 92169K, capacity 95365K, committed 95388K, reserved 1132544K
  class space    used 11962K, capacity 13038K, committed 13056K, reserved 1048576K
}
Event: 2753.859 GC heap before
{Heap before GC invocations=72 (full 0):
 garbage-first heap   total 152576K, used 128221K [0x00000000a0000000, 0x0000000100000000)
  region size 1024K, 19 young (19456K), 2 survivors (2048K)
 Metaspace       used 92236K, capacity 95498K, committed 95644K, reserved 1132544K
  class space    used 11963K, capacity 13039K, committed 13056K, reserved 1048576K
}
Event: 2753.863 GC heap after
{Heap after GC invocations=73 (full 0):
 garbage-first heap   total 152576K, used 114256K [0x00000000a0000000, 0x0000000100000000)
  region size 1024K, 3 young (3072K), 3 survivors (3072K)
 Metaspace       used 92236K, capacity 95498K, committed 95644K, reserved 1132544K
  class space    used 11963K, capacity 13039K, committed 13056K, reserved 1048576K
}
Event: 2753.935 GC heap before
{Heap before GC invocations=73 (full 0):
 garbage-first heap   total 152576K, used 129616K [0x00000000a0000000, 0x0000000100000000)
  region size 1024K, 19 young (19456K), 3 survivors (3072K)
 Metaspace       used 92253K, capacity 95498K, committed 95644K, reserved 1132544K
  class space    used 11964K, capacity 13039K, committed 13056K, reserved 1048576K
}
Event: 2753.938 GC heap after
{Heap after GC invocations=74 (full 0):
 garbage-first heap   total 152576K, used 115002K [0x00000000a0000000, 0x0000000100000000)
  region size 1024K, 1 young (1024K), 1 survivors (1024K)
 Metaspace       used 92253K, capacity 95498K, committed 95644K, reserved 1132544K
  class space    used 11964K, capacity 13039K, committed 13056K, reserved 1048576K
}
Event: 2754.060 GC heap before
{Heap before GC invocations=74 (full 0):
 garbage-first heap   total 152576K, used 130362K [0x00000000a0000000, 0x0000000100000000)
  region size 1024K, 16 young (16384K), 1 survivors (1024K)
 Metaspace       used 92260K, capacity 95498K, committed 95644K, reserved 1132544K
  class space    used 11964K, capacity 13039K, committed 13056K, reserved 1048576K
}
Event: 2754.062 GC heap after
{Heap after GC invocations=75 (full 0):
 garbage-first heap   total 152576K, used 116277K [0x00000000a0000000, 0x0000000100000000)
  region size 1024K, 1 young (1024K), 1 survivors (1024K)
 Metaspace       used 92260K, capacity 95498K, committed 95644K, reserved 1132544K
  class space    used 11964K, capacity 13039K, committed 13056K, reserved 1048576K
}
Event: 2754.124 GC heap before
{Heap before GC invocations=75 (full 0):
 garbage-first heap   total 152576K, used 130613K [0x00000000a0000000, 0x0000000100000000)
  region size 1024K, 16 young (16384K), 1 survivors (1024K)
 Metaspace       used 92264K, capacity 95498K, committed 95644K, reserved 1132544K
  class space    used 11964K, capacity 13039K, committed 13056K, reserved 1048576K
}
Event: 2754.129 GC heap after
{Heap after GC invocations=76 (full 0):
 garbage-first heap   total 152576K, used 121214K [0x00000000a0000000, 0x0000000100000000)
  region size 1024K, 2 young (2048K), 2 survivors (2048K)
 Metaspace       used 92264K, capacity 95498K, committed 95644K, reserved 1132544K
  class space    used 11964K, capacity 13039K, committed 13056K, reserved 1048576K
}
Event: 2754.173 GC heap before
{Heap before GC invocations=76 (full 0):
 garbage-first heap   total 152576K, used 127358K [0x00000000a0000000, 0x0000000100000000)
  region size 1024K, 9 young (9216K), 2 survivors (2048K)
 Metaspace       used 92264K, capacity 95498K, committed 95644K, reserved 1132544K
  class space    used 11964K, capacity 13039K, committed 13056K, reserved 1048576K
}
Event: 2754.178 GC heap after
{Heap after GC invocations=77 (full 0):
 garbage-first heap   total 152576K, used 124630K [0x00000000a0000000, 0x0000000100000000)
  region size 1024K, 2 young (2048K), 2 survivors (2048K)
 Metaspace       used 92264K, capacity 95498K, committed 95644K, reserved 1132544K
  class space    used 11964K, capacity 13039K, committed 13056K, reserved 1048576K
}

Deoptimization events (20 events):
Event: 2753.794 Thread 0x000001b442117000 Uncommon trap: trap_request=0xffffffbe fr.pc=0x000001b42f977e88 relative=0x0000000000000bc8
Event: 2753.794 Thread 0x000001b442117000 Uncommon trap: reason=profile_predicate action=maybe_recompile pc=0x000001b42f977e88 method=org.gradle.api.internal.artifacts.repositories.resolver.AbstractResourcePattern.isOptionalToken([Ljava/lang/String;)Z @ 95 c2
Event: 2753.794 Thread 0x000001b442117000 DEOPT PACKING pc=0x000001b42f977e88 sp=0x00000018c06fa030
Event: 2753.794 Thread 0x000001b442117000 DEOPT UNPACKING pc=0x000001b42745912f sp=0x00000018c06f9ff8 mode 2
Event: 2753.794 Thread 0x000001b442117000 Uncommon trap: trap_request=0xffffffbe fr.pc=0x000001b42f977e88 relative=0x0000000000000bc8
Event: 2753.794 Thread 0x000001b442117000 Uncommon trap: reason=profile_predicate action=maybe_recompile pc=0x000001b42f977e88 method=org.gradle.api.internal.artifacts.repositories.resolver.AbstractResourcePattern.isOptionalToken([Ljava/lang/String;)Z @ 95 c2
Event: 2753.794 Thread 0x000001b442117000 DEOPT PACKING pc=0x000001b42f977e88 sp=0x00000018c06fa030
Event: 2753.794 Thread 0x000001b442117000 DEOPT UNPACKING pc=0x000001b42745912f sp=0x00000018c06f9ff8 mode 2
Event: 2753.794 Thread 0x000001b442117000 Uncommon trap: trap_request=0xffffffbe fr.pc=0x000001b42f977e88 relative=0x0000000000000bc8
Event: 2753.794 Thread 0x000001b442117000 Uncommon trap: reason=profile_predicate action=maybe_recompile pc=0x000001b42f977e88 method=org.gradle.api.internal.artifacts.repositories.resolver.AbstractResourcePattern.isOptionalToken([Ljava/lang/String;)Z @ 95 c2
Event: 2753.794 Thread 0x000001b442117000 DEOPT PACKING pc=0x000001b42f977e88 sp=0x00000018c06fa030
Event: 2753.794 Thread 0x000001b442117000 DEOPT UNPACKING pc=0x000001b42745912f sp=0x00000018c06f9ff8 mode 2
Event: 2753.830 Thread 0x000001b442117000 DEOPT PACKING pc=0x000001b429351016 sp=0x00000018c06fb550
Event: 2753.830 Thread 0x000001b442117000 DEOPT UNPACKING pc=0x000001b42745964e sp=0x00000018c06faa70 mode 0
Event: 2753.913 Thread 0x000001b448cbd800 DEOPT PACKING pc=0x000001b42f8dfb68 sp=0x00000018c4afd8b0
Event: 2753.913 Thread 0x000001b448cbd800 DEOPT UNPACKING pc=0x000001b42745964e sp=0x00000018c4afcc70 mode 0
Event: 2754.065 Thread 0x000001b448cb7800 DEOPT PACKING pc=0x000001b429211f10 sp=0x00000018c46fb390
Event: 2754.065 Thread 0x000001b448cb7800 DEOPT UNPACKING pc=0x000001b42745964e sp=0x00000018c46fa868 mode 0
Event: 2754.107 Thread 0x000001b448cb7800 DEOPT PACKING pc=0x000001b429350ff5 sp=0x00000018c46fb430
Event: 2754.107 Thread 0x000001b448cb7800 DEOPT UNPACKING pc=0x000001b42745964e sp=0x00000018c46fa950 mode 0

Classes unloaded (20 events):
Event: 2754.235 Thread 0x000001b43d656800 Unloading class 0x0000000800c98040 'java/lang/invoke/LambdaForm$MH'
Event: 2754.235 Thread 0x000001b43d656800 Unloading class 0x0000000800c84440 'java/lang/invoke/LambdaForm$MH'
Event: 2754.235 Thread 0x000001b43d656800 Unloading class 0x0000000800c84040 'java/lang/invoke/LambdaForm$MH'
Event: 2754.235 Thread 0x000001b43d656800 Unloading class 0x0000000800c84c40 'java/lang/invoke/LambdaForm$MH'
Event: 2754.235 Thread 0x000001b43d656800 Unloading class 0x0000000800c84840 'java/lang/invoke/LambdaForm$MH'
Event: 2754.235 Thread 0x000001b43d656800 Unloading class 0x0000000800c85440 'java/lang/invoke/LambdaForm$BMH'
Event: 2754.235 Thread 0x000001b43d656800 Unloading class 0x0000000800c85840 'java/lang/invoke/LambdaForm$MH'
Event: 2754.235 Thread 0x000001b43d656800 Unloading class 0x0000000800c86440 'java/lang/invoke/LambdaForm$MH'
Event: 2754.235 Thread 0x000001b43d656800 Unloading class 0x0000000800c86040 'java/lang/invoke/LambdaForm$MH'
Event: 2754.235 Thread 0x000001b43d656800 Unloading class 0x0000000800c86c40 'java/lang/invoke/LambdaForm$MH'
Event: 2754.235 Thread 0x000001b43d656800 Unloading class 0x0000000800c86840 'java/lang/invoke/LambdaForm$MH'
Event: 2754.235 Thread 0x000001b43d656800 Unloading class 0x0000000800c87440 'java/lang/invoke/LambdaForm$BMH'
Event: 2754.235 Thread 0x000001b43d656800 Unloading class 0x0000000800c80040 'jdk/internal/reflect/GeneratedSerializationConstructorAccessor2'
Event: 2754.235 Thread 0x000001b43d656800 Unloading class 0x0000000800c34c40 'java/lang/invoke/LambdaForm$DMH'
Event: 2754.235 Thread 0x000001b43d656800 Unloading class 0x0000000800c35040 'java/lang/invoke/LambdaForm$DMH'
Event: 2754.235 Thread 0x000001b43d656800 Unloading class 0x0000000800c35840 'java/lang/invoke/LambdaForm$MH'
Event: 2754.235 Thread 0x000001b43d656800 Unloading class 0x0000000800c36440 'java/lang/invoke/LambdaForm$MH'
Event: 2754.235 Thread 0x000001b43d656800 Unloading class 0x0000000800c36040 'java/lang/invoke/LambdaForm$MH'
Event: 2754.235 Thread 0x000001b43d656800 Unloading class 0x0000000800c36840 'java/lang/invoke/LambdaForm$MH'
Event: 2754.235 Thread 0x000001b43d656800 Unloading class 0x0000000800c33440 'java/lang/invoke/LambdaForm$MH'

Classes redefined (0 events):
No events

Internal exceptions (20 events):
Event: 1387.345 Thread 0x000001b448cbd800 Implicit null exception at 0x000001b42f0b35af to 0x000001b42f0b36a2
Event: 1387.345 Thread 0x000001b445b43800 Implicit null exception at 0x000001b42f0b35af to 0x000001b42f0b36a2
Event: 1387.345 Thread 0x000001b448cba000 Implicit null exception at 0x000001b42f0b35af to 0x000001b42f0b36a2
Event: 1387.345 Thread 0x000001b448cbb000 Implicit null exception at 0x000001b42f0b35af to 0x000001b42f0b36a2
Event: 1387.345 Thread 0x000001b442115800 Implicit null exception at 0x000001b42f0b35af to 0x000001b42f0b36a2
Event: 1387.345 Thread 0x000001b43f6be800 Implicit null exception at 0x000001b42f0b35af to 0x000001b42f0b36a2
Event: 1387.345 Thread 0x000001b440533800 Implicit null exception at 0x000001b42f0b35af to 0x000001b42f0b36a2
Event: 1387.345 Thread 0x000001b448cbc000 Implicit null exception at 0x000001b42f0b35af to 0x000001b42f0b36a2
Event: 1387.345 Thread 0x000001b448cbc800 Implicit null exception at 0x000001b42f0b35af to 0x000001b42f0b36a2
Event: 1387.345 Thread 0x000001b448cb7800 Implicit null exception at 0x000001b42f0b35af to 0x000001b42f0b36a2
Event: 1387.453 Thread 0x000001b44636c000 Exception <a 'sun/nio/fs/WindowsException'{0x00000000afffc700}> (0x00000000afffc700) 
thrown [t:/workspace/open/src/hotspot/share/prims/jni.cpp, line 598]
Event: 1387.519 Thread 0x000001b444345800 Exception <a 'java/lang/NoSuchMethodError'{0x00000000a92c13b8}: static Lcom/android/build/gradle/tasks/PackageAndroidArtifact$SplitterParams;.<clinit>()V> (0x00000000a92c13b8) 
thrown [t:/workspace/open/src/hotspot/share/prims/jni.cpp, line 1347]
Event: 1387.519 Thread 0x000001b444345800 Exception <a 'java/lang/NoSuchMethodError'{0x00000000a92c41b0}: static Lcom/android/build/gradle/internal/scope/BuildElementsTransformParams;.<clinit>()V> (0x00000000a92c41b0) 
thrown [t:/workspace/open/src/hotspot/share/prims/jni.cpp, line 1347]
Event: 1387.521 Thread 0x000001b444345800 Exception <a 'java/lang/NoSuchMethodError'{0x00000000a92df348}: static Lcom/android/builder/files/SerializableChange;.<clinit>()V> (0x00000000a92df348) 
thrown [t:/workspace/open/src/hotspot/share/prims/jni.cpp, line 1347]
Event: 1387.681 Thread 0x000001b445b48800 Exception <a 'java/lang/NoSuchMethodError'{0x00000000a8905260}: 'void java.lang.invoke.DirectMethodHandle$Holder.invokeStaticInit(java.lang.Object, java.lang.Object)'> (0x00000000a8905260) 
thrown [t:/workspace/open/src/hotspot/share/interpreter/linkResolver.cpp, line 767]
Event: 1387.799 Thread 0x000001b445b48800 Exception <a 'java/lang/NoSuchMethodError'{0x00000000a8456148}: 'java.lang.Object java.lang.invoke.DirectMethodHandle$Holder.newInvokeSpecial(java.lang.Object, int, java.lang.Object)'> (0x00000000a8456148) 
thrown [t:/workspace/open/src/hotspot/share/interpreter/linkResolver.cpp, line 767]
Event: 1388.307 Thread 0x000001b445b42000 Exception <a 'java/lang/NoSuchMethodError'{0x00000000a8885cc0}: 'int java.lang.invoke.DirectMethodHandle$Holder.invokeStatic(java.lang.Object, int, int, java.lang.Object)'> (0x00000000a8885cc0) 
thrown [t:/workspace/open/src/hotspot/share/interpreter/linkResolver.cpp, line 767]
Event: 1388.381 Thread 0x000001b445b42000 Exception <a 'sun/nio/fs/WindowsException'{0x00000000a84794f8}> (0x00000000a84794f8) 
thrown [t:/workspace/open/src/hotspot/share/prims/jni.cpp, line 598]
Event: 1807.755 Thread 0x000001b44052c000 Exception <a 'sun/nio/fs/WindowsException'{0x00000000a8945088}> (0x00000000a8945088) 
thrown [t:/workspace/open/src/hotspot/share/prims/jni.cpp, line 598]
Event: 2601.831 Thread 0x000001b44433a800 Exception <a 'sun/nio/fs/WindowsException'{0x00000000a92973c0}> (0x00000000a92973c0) 
thrown [t:/workspace/open/src/hotspot/share/prims/jni.cpp, line 598]

Events (20 events):
Event: 2754.095 Executing VM operation: RevokeBias done
Event: 2754.096 Executing VM operation: RevokeBias
Event: 2754.097 Executing VM operation: RevokeBias done
Event: 2754.102 Executing VM operation: RevokeBias
Event: 2754.102 Executing VM operation: RevokeBias done
Event: 2754.124 Executing VM operation: G1CollectForAllocation
Event: 2754.129 Executing VM operation: G1CollectForAllocation done
Event: 2754.173 Executing VM operation: G1CollectForAllocation
Event: 2754.178 Executing VM operation: G1CollectForAllocation done
Event: 2754.190 Thread 0x000001b448cc1800 Thread added: 0x000001b448cc1800
Event: 2754.191 Executing VM operation: RevokeBias
Event: 2754.191 Executing VM operation: RevokeBias done
Event: 2754.191 Thread 0x000001b448cbc800 Thread added: 0x000001b448cbc800
Event: 2754.195 Thread 0x000001b448cc2800 Thread added: 0x000001b448cc2800
Event: 2754.195 Thread 0x000001b448cc3000 Thread added: 0x000001b448cc3000
Event: 2754.221 Executing VM operation: RevokeBias
Event: 2754.221 Executing VM operation: RevokeBias done
Event: 2754.221 Executing VM operation: BulkRevokeBias
Event: 2754.222 Executing VM operation: BulkRevokeBias done
Event: 2754.228 Executing VM operation: G1Concurrent


Dynamic libraries:
0x00007ff628220000 - 0x00007ff62822f000 	C:\Program Files\Java\jdk-13.0.2\bin\java.exe
0x00007ffe472a0000 - 0x00007ffe47490000 	C:\WINDOWS\SYSTEM32\ntdll.dll
0x00007ffe45b20000 - 0x00007ffe45bd2000 	C:\WINDOWS\System32\KERNEL32.DLL
0x00007ffe44290000 - 0x00007ffe44533000 	C:\WINDOWS\System32\KERNELBASE.dll
0x00007ffe446e0000 - 0x00007ffe447da000 	C:\WINDOWS\System32\ucrtbase.dll
0x00007ffe267f0000 - 0x00007ffe26805000 	C:\Program Files\Java\jdk-13.0.2\bin\VCRUNTIME140.dll
0x00007ffe25b60000 - 0x00007ffe25b78000 	C:\Program Files\Java\jdk-13.0.2\bin\jli.dll
0x00007ffe463b0000 - 0x00007ffe46453000 	C:\WINDOWS\System32\ADVAPI32.dll
0x00007ffe457d0000 - 0x00007ffe4586e000 	C:\WINDOWS\System32\msvcrt.dll
0x00007ffe467a0000 - 0x00007ffe46837000 	C:\WINDOWS\System32\sechost.dll
0x00007ffe46520000 - 0x00007ffe46640000 	C:\WINDOWS\System32\RPCRT4.dll
0x00007ffe46840000 - 0x00007ffe469d4000 	C:\WINDOWS\System32\USER32.dll
0x00007ffe447e0000 - 0x00007ffe44801000 	C:\WINDOWS\System32\win32u.dll
0x00007ffe30280000 - 0x00007ffe30505000 	C:\WINDOWS\WinSxS\amd64_microsoft.windows.common-controls_6595b64144ccf1df_6.0.18362.778_none_e6c6b761130d4fb8\COMCTL32.dll
0x00007ffe46cd0000 - 0x00007ffe46cf6000 	C:\WINDOWS\System32\GDI32.dll
0x00007ffe45350000 - 0x00007ffe45686000 	C:\WINDOWS\System32\combase.dll
0x00007ffe44540000 - 0x00007ffe446d4000 	C:\WINDOWS\System32\gdi32full.dll
0x00007ffe45030000 - 0x00007ffe450ce000 	C:\WINDOWS\System32\msvcp_win.dll
0x00007ffe44fb0000 - 0x00007ffe45030000 	C:\WINDOWS\System32\bcryptPrimitives.dll
0x00007ffe3eb40000 - 0x00007ffe3eb4a000 	C:\WINDOWS\SYSTEM32\VERSION.dll
0x00007ffe46470000 - 0x00007ffe4649e000 	C:\WINDOWS\System32\IMM32.DLL
0x00007ffe1c090000 - 0x00007ffe1c12b000 	C:\Program Files\Java\jdk-13.0.2\bin\msvcp140.dll
0x00007ffda2e50000 - 0x00007ffda39ad000 	C:\Program Files\Java\jdk-13.0.2\bin\server\jvm.dll
0x00007ffe464a0000 - 0x00007ffe464a8000 	C:\WINDOWS\System32\PSAPI.DLL
0x00007ffe3c4e0000 - 0x00007ffe3c504000 	C:\WINDOWS\SYSTEM32\WINMM.dll
0x00007ffe33830000 - 0x00007ffe33839000 	C:\WINDOWS\SYSTEM32\WSOCK32.dll
0x00007ffe464b0000 - 0x00007ffe4651f000 	C:\WINDOWS\System32\WS2_32.dll
0x00007ffe3c4b0000 - 0x00007ffe3c4dd000 	C:\WINDOWS\SYSTEM32\winmmbase.dll
0x00007ffe45250000 - 0x00007ffe4529a000 	C:\WINDOWS\System32\cfgmgr32.dll
0x00007ffe44210000 - 0x00007ffe44221000 	C:\WINDOWS\System32\kernel.appcore.dll
0x00007ffe33800000 - 0x00007ffe33810000 	C:\Program Files\Java\jdk-13.0.2\bin\verify.dll
0x00007ffe42b30000 - 0x00007ffe42d24000 	C:\WINDOWS\SYSTEM32\DBGHELP.DLL
0x00007ffe3c3f0000 - 0x00007ffe3c41a000 	C:\WINDOWS\SYSTEM32\dbgcore.DLL
0x00007ffe25b30000 - 0x00007ffe25b56000 	C:\Program Files\Java\jdk-13.0.2\bin\java.dll
0x00007ffe25b10000 - 0x00007ffe25b27000 	C:\Program Files\Java\jdk-13.0.2\bin\zip.dll
0x00007ffe333e0000 - 0x00007ffe333ea000 	C:\Program Files\Java\jdk-13.0.2\bin\jimage.dll
0x00007ffe45cc0000 - 0x00007ffe463a5000 	C:\WINDOWS\System32\SHELL32.dll
0x00007ffe45940000 - 0x00007ffe459e9000 	C:\WINDOWS\System32\shcore.dll
0x00007ffe44810000 - 0x00007ffe44f90000 	C:\WINDOWS\System32\windows.storage.dll
0x00007ffe441e0000 - 0x00007ffe44203000 	C:\WINDOWS\System32\profapi.dll
0x00007ffe44190000 - 0x00007ffe441da000 	C:\WINDOWS\System32\powrprof.dll
0x00007ffe44160000 - 0x00007ffe44170000 	C:\WINDOWS\System32\UMPDC.dll
0x00007ffe45be0000 - 0x00007ffe45c32000 	C:\WINDOWS\System32\shlwapi.dll
0x00007ffe44f90000 - 0x00007ffe44fa7000 	C:\WINDOWS\System32\cryptsp.dll
0x00007ffe21930000 - 0x00007ffe21949000 	C:\Program Files\Java\jdk-13.0.2\bin\net.dll
0x00007ffe3b730000 - 0x00007ffe3b820000 	C:\WINDOWS\SYSTEM32\WINHTTP.dll
0x00007ffe43980000 - 0x00007ffe439e7000 	C:\WINDOWS\system32\mswsock.dll
0x00007ffe21910000 - 0x00007ffe21923000 	C:\Program Files\Java\jdk-13.0.2\bin\nio.dll
0x00007ffe26810000 - 0x00007ffe26836000 	C:\Users\Abdul\.gradle\native\29\windows-amd64\native-platform.dll
0x00007ffe2a670000 - 0x00007ffe2a679000 	C:\Program Files\Java\jdk-13.0.2\bin\management.dll
0x00007ffe29440000 - 0x00007ffe2944b000 	C:\Program Files\Java\jdk-13.0.2\bin\management_ext.dll
0x00007ffe43500000 - 0x00007ffe43533000 	C:\WINDOWS\system32\rsaenh.dll
0x00007ffe450d0000 - 0x00007ffe450f6000 	C:\WINDOWS\System32\bcrypt.dll
0x00007ffe44080000 - 0x00007ffe440a5000 	C:\WINDOWS\SYSTEM32\USERENV.dll
0x00007ffe43b00000 - 0x00007ffe43b0c000 	C:\WINDOWS\SYSTEM32\CRYPTBASE.dll
0x00007ffe436a0000 - 0x00007ffe436da000 	C:\WINDOWS\SYSTEM32\IPHLPAPI.DLL
0x00007ffe471f0000 - 0x00007ffe471f8000 	C:\WINDOWS\System32\NSI.dll
0x00007ffe38b40000 - 0x00007ffe38b56000 	C:\WINDOWS\SYSTEM32\dhcpcsvc6.DLL
0x00007ffe38b20000 - 0x00007ffe38b3c000 	C:\WINDOWS\SYSTEM32\dhcpcsvc.DLL
0x00007ffe436e0000 - 0x00007ffe437aa000 	C:\WINDOWS\SYSTEM32\DNSAPI.dll
0x00007ffe42400000 - 0x00007ffe4248f000 	C:\WINDOWS\system32\apphelp.dll

dbghelp: loaded successfully - version: 4.0.5 - missing functions: none
symbol engine: initialized successfully - sym options: 0x614 - pdb path: .;C:\Program Files\Java\jdk-13.0.2\bin;C:\WINDOWS\SYSTEM32;C:\WINDOWS\WinSxS\amd64_microsoft.windows.common-controls_6595b64144ccf1df_6.0.18362.778_none_e6c6b761130d4fb8;C:\Program Files\Java\jdk-13.0.2\bin\server;C:\Users\Abdul\.gradle\native\29\windows-amd64

VM Arguments:
jvm_args: --add-opens=java.base/java.util=ALL-UNNAMED --add-opens=java.base/java.lang=ALL-UNNAMED --add-opens=java.base/java.lang.invoke=ALL-UNNAMED --add-opens=java.prefs/java.util.prefs=ALL-UNNAMED -Xmx1536m -Dfile.encoding=windows-1252 -Duser.country=GB -Duser.language=en -Duser.variant 
java_command: org.gradle.launcher.daemon.bootstrap.GradleDaemon 5.4.1
java_class_path (initial): C:\Users\Abdul\.gradle\wrapper\dists\gradle-5.4.1-all\3221gyojl5jsh0helicew7rwx\gradle-5.4.1\lib\gradle-launcher-5.4.1.jar
Launcher Type: SUN_STANDARD

[Global flags]
     intx CICompilerCount                          = 12                                        {product} {ergonomic}
     uint ConcGCThreads                            = 3                                         {product} {ergonomic}
     uint G1ConcRefinementThreads                  = 13                                        {product} {ergonomic}
   size_t G1HeapRegionSize                         = 1048576                                   {product} {ergonomic}
    uintx GCDrainStackTargetSize                   = 64                                        {product} {ergonomic}
   size_t InitialHeapSize                          = 268435456                                 {product} {ergonomic}
   size_t MarkStackSize                            = 4194304                                   {product} {ergonomic}
   size_t MaxHeapSize                              = 1610612736                                {product} {command line}
   size_t MaxNewSize                               = 965738496                                 {product} {ergonomic}
   size_t MinHeapDeltaBytes                        = 1048576                                   {product} {ergonomic}
   size_t MinHeapSize                              = 8388608                                   {product} {ergonomic}
    uintx NonNMethodCodeHeapSize                   = 7602480                                {pd product} {ergonomic}
    uintx NonProfiledCodeHeapSize                  = 122027880                              {pd product} {ergonomic}
    uintx ProfiledCodeHeapSize                     = 122027880                              {pd product} {ergonomic}
    uintx ReservedCodeCacheSize                    = 251658240                              {pd product} {ergonomic}
     bool SegmentedCodeCache                       = true                                      {product} {ergonomic}
   size_t SoftMaxHeapSize                          = 1610612736                             {manageable} {ergonomic}
     bool UseCompressedClassPointers               = true                                 {lp64_product} {ergonomic}
     bool UseCompressedOops                        = true                                 {lp64_product} {ergonomic}
     bool UseG1GC                                  = true                                      {product} {ergonomic}
     bool UseLargePagesIndividualAllocation        = false                                  {pd product} {ergonomic}

Logging:
Log output configuration:
 #0: stdout all=warning uptime,level,tags
 #1: stderr all=off uptime,level,tags

Environment Variables:
PATH=C:\Program Files (x86)\Common Files\Oracle\Java\javapath;c:\windows\system32;c:\windows;c:\windows\system32\wbem;c:\windows\system32\windowspowershell\v1.0\;c:\windows\system32\openssh\;c:\program files\nvidia corporation\nvidia ngx;c:\program files\nvidia corporation\nvidia nvdlisr;C:\WINDOWS\system32;C:\WINDOWS;C:\WINDOWS\system32\wbem;C:\WINDOWS\system32\windowspowershell\v1.0\;C:\WINDOWS\system32\openssh\;C:\Program Files (x86)\NVIDIA Corporation\PhysX\Common;C:\Program Files\PuTTY\;C:\Program Files\Git\cmd;C:\Program Files\Git\mingw64\bin;C:\Program Files\Git\usr\bin;C:\Program Files\nodejs\;C:\Program Files\PostgreSQL\12\bin;C:\Program Files (x86)\Windows Kits\8.1\Windows Performance Toolkit\;C:\WINDOWS\system32;C:\WINDOWS;C:\WINDOWS\System32\Wbem;C:\WINDOWS\System32\WindowsPowerShell\v1.0\;C:\WINDOWS\System32\OpenSSH\;C:\Program Files\MySQL\MySQL Shell 8.0\bin\;C:\Users\Abdul\AppData\Local\Programs\Python\Python38-32\Scripts\;C:\Users\Abdul\AppData\Local\Programs\Python\Python38-32\;C:\Users\Abdul\AppData\Local\Programs\Python\Python37-32\Scripts\;C:\Users\Abdul\AppData\Local\Programs\Python\Python37-32\;C:\Users\Abdul\AppData\Local\Microsoft\WindowsApps;C:\Program Files\JetBrains\PyCharm Community Edition 2019.3\bin;C:\Program Files\heroku\bin;C:\Users\Abdul\AppData\Local\GitHubDesktop\bin;C:\Users\Abdul\Desktop\Test;C:\Program Files\JetBrains\IntelliJ IDEA Community Edition 2019.3.3\bin;;C:\Users\Abdul\AppData\Roaming\npm;C:\Program Files\PostgreSQL\12\bin;C:\Users\Abdul\AppData\Local\Microsoft\WindowsApps;
USERNAME=Abdul
OS=Windows_NT
PROCESSOR_IDENTIFIER=AMD64 Family 23 Model 1 Stepping 1, AuthenticAMD



---------------  S Y S T E M  ---------------

OS: Windows 10 , 64 bit Build 18362 (10.0.18362.778)
HyperV virtualization detected

CPU:total 16 (initial active 16) (16 cores per cpu, 2 threads per core) family 23 model 1 stepping 1, cmov, cx8, fxsr, mmx, sse, sse2, sse3, ssse3, sse4.1, sse4.2, popcnt, avx, avx2, aes, clmul, mmxext, 3dnowpref, lzcnt, sse4a, ht, tsc, tscinvbit, tscinv, bmi1, bmi2, adx, sha, fma

Memory: 4k page, system-wide physical 16333M (3617M free)
TotalPageFile size 26446M (AvailPageFile size 37M)
current process WorkingSet (physical memory assigned to process): 424M, peak: 505M
current process commit charge ("private bytes"): 507M, peak: 572M

vm_info: Java HotSpot(TM) 64-Bit Server VM (13.0.2+8) for windows-amd64 JRE (13.0.2+8), built on Dec 11 2019 09:20:33 by "mach5one" with unknown MS VC++:1916

END.
